q:\projects\c++\ambientbacklighting\debug\ambientbacklightinglib.lib
q:\projects\c++\ambientbacklighting\debug\ambientbacklightinglib.exp
q:\projects\c++\ambientbacklighting\ambientbacklightinglib\debug\ambientbacklightinglib.pch
q:\projects\c++\ambientbacklighting\ambientbacklightinglib\debug\vc141.pdb
q:\projects\c++\ambientbacklighting\ambientbacklightinglib\debug\vc141.idb
q:\projects\c++\ambientbacklighting\ambientbacklightinglib\debug\stdafx.obj
q:\projects\c++\ambientbacklighting\ambientbacklightinglib\debug\windowdata.obj
q:\projects\c++\ambientbacklighting\ambientbacklightinglib\debug\dllmain.obj
q:\projects\c++\ambientbacklighting\ambientbacklightinglib\debug\ambientlightstrip.obj
q:\projects\c++\ambientbacklighting\ambientbacklightinglib\debug\ambientbacklighting.obj
q:\projects\c++\ambientbacklighting\debug\ambientbacklightinglib.ilk
q:\projects\c++\ambientbacklighting\debug\ambientbacklightinglib.dll
q:\projects\c++\ambientbacklighting\debug\ambientbacklightinglib.pdb
q:\projects\c++\ambientbacklighting\ambientbacklightinglib\debug\ambientb.4a6880d4.tlog\ambientbacklightinglib.write.1u.tlog
q:\projects\c++\ambientbacklighting\ambientbacklightinglib\debug\ambientb.4a6880d4.tlog\cl.command.1.tlog
q:\projects\c++\ambientbacklighting\ambientbacklightinglib\debug\ambientb.4a6880d4.tlog\cl.read.1.tlog
q:\projects\c++\ambientbacklighting\ambientbacklightinglib\debug\ambientb.4a6880d4.tlog\cl.write.1.tlog
q:\projects\c++\ambientbacklighting\ambientbacklightinglib\debug\ambientb.4a6880d4.tlog\link.command.1.tlog
q:\projects\c++\ambientbacklighting\ambientbacklightinglib\debug\ambientb.4a6880d4.tlog\link.read.1.tlog
q:\projects\c++\ambientbacklighting\ambientbacklightinglib\debug\ambientb.4a6880d4.tlog\link.write.1.tlog
