q:\projects\c++\ambientbacklighting\debug\ambientbacklighting.lib
q:\projects\c++\ambientbacklighting\debug\ambientbacklighting.exp
q:\projects\c++\ambientbacklighting\ambientbacklighting\debug\vc141.pdb
q:\projects\c++\ambientbacklighting\ambientbacklighting\debug\vc141.idb
q:\projects\c++\ambientbacklighting\ambientbacklighting\debug\main.obj
q:\projects\c++\ambientbacklighting\ambientbacklighting\debug\ambientbacklighting.pch
q:\projects\c++\ambientbacklighting\ambientbacklighting\debug\stdafx.obj
q:\projects\c++\ambientbacklighting\debug\ambientbacklighting.exe
q:\projects\c++\ambientbacklighting\debug\ambientbacklighting.ilk
q:\projects\c++\ambientbacklighting\debug\ambientbacklighting.pdb
q:\projects\c++\ambientbacklighting\ambientbacklighting\debug\ambientbacklighting.obj
q:\projects\c++\ambientbacklighting\ambientbacklighting\debug\ambientbacklighting.obj.enc
q:\projects\c++\ambientbacklighting\ambientbacklighting\debug\ambientb.409c287c.tlog\ambientbacklighting.write.1u.tlog
q:\projects\c++\ambientbacklighting\ambientbacklighting\debug\ambientb.409c287c.tlog\cl.command.1.tlog
q:\projects\c++\ambientbacklighting\ambientbacklighting\debug\ambientb.409c287c.tlog\cl.read.1.tlog
q:\projects\c++\ambientbacklighting\ambientbacklighting\debug\ambientb.409c287c.tlog\cl.write.1.tlog
q:\projects\c++\ambientbacklighting\ambientbacklighting\debug\ambientb.409c287c.tlog\link.command.1.tlog
q:\projects\c++\ambientbacklighting\ambientbacklighting\debug\ambientb.409c287c.tlog\link.delete.1.tlog
q:\projects\c++\ambientbacklighting\ambientbacklighting\debug\ambientb.409c287c.tlog\link.read.1.tlog
q:\projects\c++\ambientbacklighting\ambientbacklighting\debug\ambientb.409c287c.tlog\link.write.1.tlog
